[debug] [2025-11-19T16:44:00.079Z] ----------------------------------------------------------------------
[debug] [2025-11-19T16:44:00.082Z] Command:       C:\Program Files\nodejs\node.exe C:\Users\ACER\AppData\Roaming\npm\node_modules\firebase-tools\lib\bin\firebase.js emulators:start --only functions
[debug] [2025-11-19T16:44:00.082Z] CLI Version:   14.25.1
[debug] [2025-11-19T16:44:00.083Z] Platform:      win32
[debug] [2025-11-19T16:44:00.083Z] Node Version:  v22.16.0
[debug] [2025-11-19T16:44:00.083Z] Time:          Wed Nov 19 2025 22:14:00 GMT+0530 (India Standard Time)
[debug] [2025-11-19T16:44:00.083Z] ----------------------------------------------------------------------
[debug] 
[debug] [2025-11-19T16:44:00.335Z] > command requires scopes: ["email","openid","https://www.googleapis.com/auth/cloudplatformprojects.readonly","https://www.googleapis.com/auth/firebase","https://www.googleapis.com/auth/cloud-platform"]
[debug] [2025-11-19T16:44:00.336Z] > authorizing via signed-in user (niviruedu2006@gmail.com)
[info] i  emulators: Starting emulators: functions {"metadata":{"emulator":{"name":"hub"},"message":"Starting emulators: functions"}}
[debug] [2025-11-19T16:44:00.345Z] [logging] Logging Emulator only supports listening on one address (127.0.0.1). Not listening on ::1
[debug] [2025-11-19T16:44:00.345Z] assigned listening specs for emulators {"user":{"hub":[{"address":"127.0.0.1","family":"IPv4","port":4400},{"address":"::1","family":"IPv6","port":4400}],"ui":[{"address":"127.0.0.1","family":"IPv4","port":4000},{"address":"::1","family":"IPv6","port":4000}],"logging":[{"address":"127.0.0.1","family":"IPv4","port":4500}]},"metadata":{"message":"assigned listening specs for emulators"}}
[debug] [2025-11-19T16:44:00.350Z] Emulator locator file path: C:\Users\ACER\AppData\Local\Temp\hub-smartgymtracker-4123b.json
[debug] [2025-11-19T16:44:00.350Z] [hub] writing locator at C:\Users\ACER\AppData\Local\Temp\hub-smartgymtracker-4123b.json
[debug] [2025-11-19T16:44:00.374Z] [functions] Functions Emulator only supports listening on one address (127.0.0.1). Not listening on ::1
[debug] [2025-11-19T16:44:00.374Z] [eventarc] Eventarc Emulator only supports listening on one address (127.0.0.1). Not listening on ::1
[debug] [2025-11-19T16:44:00.375Z] [tasks] Cloud Tasks Emulator only supports listening on one address (127.0.0.1). Not listening on ::1
[debug] [2025-11-19T16:44:00.375Z] late-assigned ports for functions and eventarc emulators {"user":{"hub":[{"address":"127.0.0.1","family":"IPv4","port":4400},{"address":"::1","family":"IPv6","port":4400}],"ui":[{"address":"127.0.0.1","family":"IPv4","port":4000},{"address":"::1","family":"IPv6","port":4000}],"logging":[{"address":"127.0.0.1","family":"IPv4","port":4500}],"functions":[{"address":"127.0.0.1","family":"IPv4","port":5001}],"eventarc":[{"address":"127.0.0.1","family":"IPv4","port":9299}],"tasks":[{"address":"127.0.0.1","family":"IPv4","port":9499}]},"metadata":{"message":"late-assigned ports for functions and eventarc emulators"}}
[warn] !  functions: The following emulators are not running, calls to these services from the Functions emulator will affect production: apphosting, auth, firestore, database, hosting, pubsub, storage, dataconnect {"metadata":{"emulator":{"name":"functions"},"message":"The following emulators are not running, calls to these services from the Functions emulator will affect production: \u001b[1mapphosting, auth, firestore, database, hosting, pubsub, storage, dataconnect\u001b[22m"}}
[debug] [2025-11-19T16:44:00.388Z] defaultcredentials: writing to file C:\Users\ACER\AppData\Roaming\firebase\niviruedu2006_gmail_com_application_default_credentials.json
[debug] [2025-11-19T16:44:00.390Z] Setting GAC to C:\Users\ACER\AppData\Roaming\firebase\niviruedu2006_gmail_com_application_default_credentials.json {"metadata":{"emulator":{"name":"functions"},"message":"Setting GAC to C:\\Users\\ACER\\AppData\\Roaming\\firebase\\niviruedu2006_gmail_com_application_default_credentials.json"}}
[debug] [2025-11-19T16:44:00.390Z] Checked if tokens are valid: true, expires at: 1763572398895
[debug] [2025-11-19T16:44:00.391Z] Checked if tokens are valid: true, expires at: 1763572398895
[debug] [2025-11-19T16:44:00.392Z] >>> [apiv2][query] GET https://firebase.googleapis.com/v1beta1/projects/smartgymtracker-4123b/adminSdkConfig [none]
[debug] [2025-11-19T16:44:01.745Z] <<< [apiv2][status] GET https://firebase.googleapis.com/v1beta1/projects/smartgymtracker-4123b/adminSdkConfig 200
[debug] [2025-11-19T16:44:01.745Z] <<< [apiv2][body] GET https://firebase.googleapis.com/v1beta1/projects/smartgymtracker-4123b/adminSdkConfig {"projectId":"smartgymtracker-4123b","databaseURL":"https://smartgymtracker-4123b-default-rtdb.firebaseio.com","storageBucket":"smartgymtracker-4123b.firebasestorage.app"}
[info] i  functions: Watching "D:\=------NIBM WORK-----=\HNDSE25.1\IOT\CW\Project\dashboard\functions" for Cloud Functions... {"metadata":{"emulator":{"name":"functions"},"message":"Watching \"D:\\=------NIBM WORK-----=\\HNDSE25.1\\IOT\\CW\\Project\\dashboard\\functions\" for Cloud Functions..."}}
[debug] [2025-11-19T16:44:01.778Z] Validating nodejs source
[warn] !  functions: package.json indicates an outdated version of firebase-functions. Please upgrade using npm install --save firebase-functions@latest in your functions directory. 
[warn] !  functions: Please note that there will be breaking changes when you upgrade. 
[debug] [2025-11-19T16:44:03.775Z] > [functions] package.json contents: {
  "name": "functions",
  "description": "Cloud Functions for Firebase",
  "scripts": {
    "lint": "eslint .",
    "serve": "firebase emulators:start --only functions",
    "shell": "firebase functions:shell",
    "start": "npm run shell",
    "deploy": "firebase deploy --only functions",
    "logs": "firebase functions:log"
  },
  "engines": {
    "node": "22"
  },
  "main": "index.js",
  "dependencies": {
    "firebase-admin": "^12.7.0",
    "firebase-functions": "^6.6.0"
  },
  "devDependencies": {
    "eslint": "^8.15.0",
    "eslint-config-google": "^0.14.0",
    "firebase-functions-test": "^3.1.0"
  },
  "private": true
}
[debug] [2025-11-19T16:44:03.775Z] Building nodejs source
[debug] [2025-11-19T16:44:03.776Z] Failed to find version of module node: reached end of search path D:\=------NIBM WORK-----=\HNDSE25.1\IOT\CW\Project\dashboard\functions\node_modules
[info] +  functions: Using node@22 from host. 
[debug] [2025-11-19T16:44:03.779Z] Could not find functions.yaml. Must use http discovery
[debug] [2025-11-19T16:44:03.789Z] Found firebase-functions binary at 'D:\=------NIBM WORK-----=\HNDSE25.1\IOT\CW\Project\dashboard\functions\node_modules\.bin\firebase-functions'
[error] 'D:\' is not recognized as an internal or external command,
operable program or batch file.

[debug] [2025-11-19T16:44:13.817Z] Failed to call quitquitquit. This often means the server failed to start request to http://localhost:8312/__/quitquitquit failed, reason:  {"message":"request to http://localhost:8312/__/quitquitquit failed, reason: ","type":"system","errno":"ECONNREFUSED","code":"ECONNREFUSED"}
